<?xml version="1.0" encoding="UTF-8"?>
<coverage generated="1764664126789" clover="3.2.0">
  <project timestamp="1764664126789" name="All files">
    <metrics statements="118" coveredstatements="101" conditionals="15" coveredconditionals="10" methods="35" coveredmethods="22" elements="168" coveredelements="133" complexity="0" loc="118" ncloc="118" packages="5" files="12" classes="12"/>
    <package name="seeds">
      <metrics statements="4" coveredstatements="4" conditionals="0" coveredconditionals="0" methods="2" coveredmethods="2"/>
      <file name="SSBUCharacters.ts" path="/home/auAn/develop/grindcord/apps/backend/seeds/SSBUCharacters.ts">
        <metrics statements="4" coveredstatements="4" conditionals="0" coveredconditionals="0" methods="2" coveredmethods="2"/>
        <line num="1" count="2" type="stmt"/>
        <line num="91" count="6" type="stmt"/>
        <line num="92" count="6" type="stmt"/>
        <line num="94" count="516" type="stmt"/>
      </file>
    </package>
    <package name="src.db">
      <metrics statements="36" coveredstatements="28" conditionals="9" coveredconditionals="6" methods="7" coveredmethods="4"/>
      <file name="SeedSource.ts" path="/home/auAn/develop/grindcord/apps/backend/src/db/SeedSource.ts">
        <metrics statements="6" coveredstatements="1" conditionals="1" coveredconditionals="0" methods="3" coveredmethods="0"/>
        <line num="4" count="2" type="stmt"/>
        <line num="9" count="0" type="stmt"/>
        <line num="13" count="0" type="stmt"/>
        <line num="14" count="0" type="cond" truecount="0" falsecount="1"/>
        <line num="16" count="0" type="stmt"/>
        <line num="18" count="0" type="stmt"/>
      </file>
      <file name="init_tables.ts" path="/home/auAn/develop/grindcord/apps/backend/src/db/init_tables.ts">
        <metrics statements="28" coveredstatements="25" conditionals="8" coveredconditionals="6" methods="4" coveredmethods="4"/>
        <line num="13" count="2" type="stmt"/>
        <line num="15" count="2" type="stmt"/>
        <line num="16" count="2" type="stmt"/>
        <line num="23" count="24" type="stmt"/>
        <line num="24" count="24" type="cond" truecount="1" falsecount="1"/>
        <line num="25" count="24" type="stmt"/>
        <line num="26" count="24" type="stmt"/>
        <line num="27" count="24" type="stmt"/>
        <line num="29" count="0" type="stmt"/>
        <line num="36" count="6" type="stmt"/>
        <line num="37" count="6" type="stmt"/>
        <line num="38" count="24" type="stmt"/>
        <line num="40" count="6" type="stmt"/>
        <line num="41" count="6" type="stmt"/>
        <line num="45" count="6" type="stmt"/>
        <line num="46" count="6" type="stmt"/>
        <line num="47" count="6" type="stmt"/>
        <line num="48" count="6" type="stmt"/>
        <line num="49" count="6" type="stmt"/>
        <line num="51" count="6" type="stmt"/>
        <line num="55" count="6" type="cond" truecount="1" falsecount="1"/>
        <line num="56" count="0" type="stmt"/>
        <line num="59" count="0" type="stmt"/>
        <line num="61" count="6" type="stmt"/>
        <line num="62" count="6" type="stmt"/>
        <line num="63" count="24" type="stmt"/>
        <line num="65" count="6" type="stmt"/>
        <line num="66" count="6" type="stmt"/>
      </file>
      <file name="knexfile.ts" path="/home/auAn/develop/grindcord/apps/backend/src/db/knexfile.ts">
        <metrics statements="2" coveredstatements="2" conditionals="0" coveredconditionals="0" methods="0" coveredmethods="0"/>
        <line num="5" count="2" type="stmt"/>
        <line num="16" count="2" type="stmt"/>
      </file>
    </package>
    <package name="src.tests">
      <metrics statements="17" coveredstatements="15" conditionals="2" coveredconditionals="2" methods="8" coveredmethods="6"/>
      <file name="MockSeedSource.ts" path="/home/auAn/develop/grindcord/apps/backend/src/tests/MockSeedSource.ts">
        <metrics statements="8" coveredstatements="8" conditionals="2" coveredconditionals="2" methods="4" coveredmethods="4"/>
        <line num="5" count="2" type="stmt"/>
        <line num="9" count="6" type="stmt"/>
        <line num="13" count="24" type="stmt"/>
        <line num="14" count="24" type="cond" truecount="2" falsecount="0"/>
        <line num="16" count="12" type="stmt"/>
        <line num="18" count="6" type="stmt"/>
        <line num="22" count="12" type="stmt"/>
        <line num="24" count="6" type="stmt"/>
      </file>
      <file name="mock.ts" path="/home/auAn/develop/grindcord/apps/backend/src/tests/mock.ts">
        <metrics statements="7" coveredstatements="5" conditionals="0" coveredconditionals="0" methods="4" coveredmethods="2"/>
        <line num="5" count="2" type="stmt"/>
        <line num="6" count="66" type="stmt"/>
        <line num="10" count="2" type="stmt"/>
        <line num="11" count="1200" type="stmt"/>
        <line num="14" count="2" type="stmt"/>
        <line num="15" count="0" type="stmt"/>
        <line num="17" count="0" type="stmt"/>
      </file>
      <file name="test_knexfile.ts" path="/home/auAn/develop/grindcord/apps/backend/src/tests/test_knexfile.ts">
        <metrics statements="2" coveredstatements="2" conditionals="0" coveredconditionals="0" methods="0" coveredmethods="0"/>
        <line num="4" count="2" type="stmt"/>
        <line num="15" count="2" type="stmt"/>
      </file>
    </package>
    <package name="src.v1.match">
      <metrics statements="39" coveredstatements="35" conditionals="4" coveredconditionals="2" methods="13" coveredmethods="8"/>
      <file name="models.ts" path="/home/auAn/develop/grindcord/apps/backend/src/v1/match/models.ts">
        <metrics statements="24" coveredstatements="24" conditionals="0" coveredconditionals="0" methods="4" coveredmethods="4"/>
        <line num="3" count="2" type="stmt"/>
        <line num="9" count="2" type="stmt"/>
        <line num="12" count="6" type="stmt"/>
        <line num="13" count="6" type="stmt"/>
        <line num="15" count="6" type="stmt"/>
        <line num="19" count="2" type="stmt"/>
        <line num="25" count="2" type="stmt"/>
        <line num="28" count="6" type="stmt"/>
        <line num="30" count="6" type="stmt"/>
        <line num="31" count="6" type="stmt"/>
        <line num="32" count="6" type="stmt"/>
        <line num="34" count="6" type="stmt"/>
        <line num="43" count="2" type="stmt"/>
        <line num="49" count="2" type="stmt"/>
        <line num="52" count="6" type="stmt"/>
        <line num="53" count="6" type="stmt"/>
        <line num="58" count="6" type="stmt"/>
        <line num="59" count="6" type="stmt"/>
        <line num="60" count="6" type="stmt"/>
        <line num="62" count="6" type="stmt"/>
        <line num="68" count="6" type="stmt"/>
        <line num="76" count="2" type="stmt"/>
        <line num="79" count="6" type="stmt"/>
        <line num="80" count="6" type="stmt"/>
      </file>
      <file name="schemas.ts" path="/home/auAn/develop/grindcord/apps/backend/src/v1/match/schemas.ts">
        <metrics statements="3" coveredstatements="3" conditionals="0" coveredconditionals="0" methods="0" coveredmethods="0"/>
        <line num="4" count="2" type="stmt"/>
        <line num="9" count="2" type="stmt"/>
        <line num="15" count="2" type="stmt"/>
      </file>
      <file name="service.ts" path="/home/auAn/develop/grindcord/apps/backend/src/v1/match/service.ts">
        <metrics statements="9" coveredstatements="5" conditionals="4" coveredconditionals="2" methods="7" coveredmethods="2"/>
        <line num="13" count="0" type="stmt"/>
        <line num="15" count="0" type="stmt"/>
        <line num="25" count="6" type="stmt"/>
        <line num="26" count="6" type="stmt"/>
        <line num="35" count="6" type="stmt"/>
        <line num="36" count="6" type="stmt"/>
        <line num="37" count="4" type="stmt"/>
        <line num="45" count="0" type="stmt"/>
        <line num="46" count="0" type="stmt"/>
      </file>
      <file name="views.ts" path="/home/auAn/develop/grindcord/apps/backend/src/v1/match/views.ts">
        <metrics statements="3" coveredstatements="3" conditionals="0" coveredconditionals="0" methods="2" coveredmethods="2"/>
        <line num="3" count="6" type="stmt"/>
        <line num="6" count="6" type="stmt"/>
        <line num="7" count="6" type="stmt"/>
      </file>
    </package>
    <package name="src.v1.match.tests">
      <metrics statements="22" coveredstatements="19" conditionals="0" coveredconditionals="0" methods="5" coveredmethods="2"/>
      <file name="mock.models.ts" path="/home/auAn/develop/grindcord/apps/backend/src/v1/match/tests/mock.models.ts">
        <metrics statements="22" coveredstatements="19" conditionals="0" coveredconditionals="0" methods="5" coveredmethods="2"/>
        <line num="4" count="2" type="stmt"/>
        <line num="7" count="0" type="stmt"/>
        <line num="13" count="2" type="stmt"/>
        <line num="16" count="0" type="stmt"/>
        <line num="24" count="2" type="stmt"/>
        <line num="27" count="0" type="stmt"/>
        <line num="36" count="6" type="stmt"/>
        <line num="37" count="6" type="stmt"/>
        <line num="40" count="6" type="stmt"/>
        <line num="41" count="6" type="stmt"/>
        <line num="42" count="60" type="stmt"/>
        <line num="43" count="270" type="stmt"/>
        <line num="48" count="6" type="stmt"/>
        <line num="49" count="240" type="stmt"/>
        <line num="51" count="240" type="stmt"/>
        <line num="52" count="240" type="stmt"/>
        <line num="54" count="240" type="stmt"/>
        <line num="57" count="240" type="stmt"/>
        <line num="58" count="240" type="stmt"/>
        <line num="59" count="240" type="stmt"/>
        <line num="60" count="240" type="stmt"/>
        <line num="65" count="240" type="stmt"/>
      </file>
    </package>
  </project>
</coverage>
