{"/home/auAn/develop/grindcord/apps/backend/seeds/SSBUCharacters.ts": {"path":"/home/auAn/develop/grindcord/apps/backend/seeds/SSBUCharacters.ts","statementMap":{"0":{"start":{"line":1,"column":36},"end":{"line":88,"column":null}},"1":{"start":{"line":91,"column":4},"end":{"line":91,"column":null}},"2":{"start":{"line":92,"column":4},"end":{"line":96,"column":null}},"3":{"start":{"line":94,"column":12},"end":{"line":94,"column":null}}},"fnMap":{"0":{"name":"seed","decl":{"start":{"line":90,"column":22},"end":{"line":90,"column":27}},"loc":{"start":{"line":90,"column":33},"end":{"line":97,"column":null}},"line":90},"1":{"name":"(anonymous_1)","decl":{"start":{"line":93,"column":33},"end":{"line":93,"column":34}},"loc":{"start":{"line":93,"column":53},"end":{"line":95,"column":9}},"line":93}},"branchMap":{},"s":{"0":2,"1":6,"2":6,"3":516},"f":{"0":6,"1":516},"b":{},"meta":{"lastBranch":0,"lastFunction":2,"lastStatement":4,"seen":{"s:1:36:88:Infinity":0,"f:90:22:90:27":0,"s:91:4:91:Infinity":1,"s:92:4:96:Infinity":2,"f:93:33:93:34":1,"s:94:12:94:Infinity":3}}}
,"/home/auAn/develop/grindcord/apps/backend/src/db/SeedSource.ts": {"path":"/home/auAn/develop/grindcord/apps/backend/src/db/SeedSource.ts","statementMap":{"0":{"start":{"line":4,"column":6},"end":{"line":4,"column":null}},"1":{"start":{"line":9,"column":8},"end":{"line":9,"column":null}},"2":{"start":{"line":13,"column":8},"end":{"line":13,"column":null}},"3":{"start":{"line":14,"column":8},"end":{"line":21,"column":null}},"4":{"start":{"line":16,"column":16},"end":{"line":20,"column":null}},"5":{"start":{"line":18,"column":24},"end":{"line":18,"column":null}}},"fnMap":{"0":{"name":"(anonymous_0)","decl":{"start":{"line":8,"column":4},"end":{"line":8,"column":15}},"loc":{"start":{"line":8,"column":15},"end":{"line":10,"column":null}},"line":8},"1":{"name":"(anonymous_1)","decl":{"start":{"line":12,"column":4},"end":{"line":12,"column":12}},"loc":{"start":{"line":12,"column":18},"end":{"line":22,"column":null}},"line":12},"2":{"name":"(anonymous_2)","decl":{"start":{"line":17,"column":26},"end":{"line":17,"column":31}},"loc":{"start":{"line":17,"column":37},"end":{"line":19,"column":null}},"line":17}},"branchMap":{"0":{"loc":{"start":{"line":14,"column":8},"end":{"line":21,"column":null}},"type":"switch","locations":[{"start":{"line":15,"column":12},"end":{"line":20,"column":null}}],"line":14}},"s":{"0":2,"1":0,"2":0,"3":0,"4":0,"5":0},"f":{"0":0,"1":0,"2":0},"b":{"0":[0]},"meta":{"lastBranch":1,"lastFunction":3,"lastStatement":6,"seen":{"s:4:6:4:Infinity":0,"f:8:4:8:15":0,"s:9:8:9:Infinity":1,"f:12:4:12:12":1,"s:13:8:13:Infinity":2,"b:15:12:20:Infinity":0,"s:14:8:21:Infinity":3,"s:16:16:20:Infinity":4,"f:17:26:17:31":2,"s:18:24:18:Infinity":5}}}
,"/home/auAn/develop/grindcord/apps/backend/src/db/init_tables.ts": {"path":"/home/auAn/develop/grindcord/apps/backend/src/db/init_tables.ts","statementMap":{"0":{"start":{"line":13,"column":6},"end":{"line":13,"column":null}},"1":{"start":{"line":15,"column":15},"end":{"line":15,"column":null}},"2":{"start":{"line":16,"column":14},"end":{"line":16,"column":null}},"3":{"start":{"line":23,"column":19},"end":{"line":23,"column":null}},"4":{"start":{"line":24,"column":4},"end":{"line":32,"column":null}},"5":{"start":{"line":25,"column":8},"end":{"line":25,"column":null}},"6":{"start":{"line":26,"column":8},"end":{"line":26,"column":null}},"7":{"start":{"line":27,"column":8},"end":{"line":27,"column":null}},"8":{"start":{"line":29,"column":8},"end":{"line":31,"column":null}},"9":{"start":{"line":36,"column":16},"end":{"line":36,"column":null}},"10":{"start":{"line":37,"column":4},"end":{"line":39,"column":null}},"11":{"start":{"line":38,"column":8},"end":{"line":38,"column":null}},"12":{"start":{"line":40,"column":4},"end":{"line":40,"column":null}},"13":{"start":{"line":41,"column":4},"end":{"line":41,"column":null}},"14":{"start":{"line":45,"column":16},"end":{"line":45,"column":null}},"15":{"start":{"line":46,"column":4},"end":{"line":50,"column":null}},"16":{"start":{"line":47,"column":21},"end":{"line":47,"column":null}},"17":{"start":{"line":48,"column":8},"end":{"line":48,"column":null}},"18":{"start":{"line":49,"column":8},"end":{"line":49,"column":null}},"19":{"start":{"line":51,"column":4},"end":{"line":51,"column":null}},"20":{"start":{"line":55,"column":4},"end":{"line":60,"column":null}},"21":{"start":{"line":56,"column":8},"end":{"line":58,"column":null}},"22":{"start":{"line":59,"column":8},"end":{"line":59,"column":null}},"23":{"start":{"line":61,"column":16},"end":{"line":61,"column":null}},"24":{"start":{"line":62,"column":4},"end":{"line":64,"column":null}},"25":{"start":{"line":63,"column":8},"end":{"line":63,"column":null}},"26":{"start":{"line":65,"column":4},"end":{"line":65,"column":null}},"27":{"start":{"line":66,"column":4},"end":{"line":66,"column":null}}},"fnMap":{"0":{"name":"create_table_if_notexists","decl":{"start":{"line":18,"column":15},"end":{"line":18,"column":null}},"loc":{"start":{"line":22,"column":31},"end":{"line":33,"column":null}},"line":22},"1":{"name":"init_tables","decl":{"start":{"line":35,"column":22},"end":{"line":35,"column":34}},"loc":{"start":{"line":35,"column":53},"end":{"line":42,"column":null}},"line":35},"2":{"name":"init_views","decl":{"start":{"line":44,"column":22},"end":{"line":44,"column":33}},"loc":{"start":{"line":44,"column":52},"end":{"line":52,"column":null}},"line":44},"3":{"name":"teardown","decl":{"start":{"line":54,"column":22},"end":{"line":54,"column":31}},"loc":{"start":{"line":54,"column":50},"end":{"line":67,"column":null}},"line":54}},"branchMap":{"0":{"loc":{"start":{"line":19,"column":4},"end":{"line":19,"column":null}},"type":"default-arg","locations":[{"start":{"line":19,"column":15},"end":{"line":19,"column":null}}],"line":19},"1":{"loc":{"start":{"line":24,"column":4},"end":{"line":32,"column":null}},"type":"if","locations":[{"start":{"line":24,"column":4},"end":{"line":32,"column":null}},{"start":{"line":28,"column":11},"end":{"line":32,"column":null}}],"line":24},"2":{"loc":{"start":{"line":35,"column":34},"end":{"line":35,"column":53}},"type":"default-arg","locations":[{"start":{"line":35,"column":45},"end":{"line":35,"column":53}}],"line":35},"3":{"loc":{"start":{"line":44,"column":33},"end":{"line":44,"column":52}},"type":"default-arg","locations":[{"start":{"line":44,"column":44},"end":{"line":44,"column":52}}],"line":44},"4":{"loc":{"start":{"line":54,"column":31},"end":{"line":54,"column":50}},"type":"default-arg","locations":[{"start":{"line":54,"column":42},"end":{"line":54,"column":50}}],"line":54},"5":{"loc":{"start":{"line":55,"column":4},"end":{"line":60,"column":null}},"type":"if","locations":[{"start":{"line":55,"column":4},"end":{"line":60,"column":null}},{"start":{},"end":{}}],"line":55}},"s":{"0":2,"1":2,"2":2,"3":24,"4":24,"5":24,"6":24,"7":24,"8":0,"9":6,"10":6,"11":24,"12":6,"13":6,"14":6,"15":6,"16":6,"17":6,"18":6,"19":6,"20":6,"21":0,"22":0,"23":6,"24":6,"25":24,"26":6,"27":6},"f":{"0":24,"1":6,"2":6,"3":6},"b":{"0":[24],"1":[24,0],"2":[6],"3":[6],"4":[6],"5":[0,6]},"meta":{"lastBranch":6,"lastFunction":4,"lastStatement":28,"seen":{"s:13:6:13:Infinity":0,"s:15:15:15:Infinity":1,"s:16:14:16:Infinity":2,"f:18:15:18:Infinity":0,"b:19:15:19:Infinity":0,"s:23:19:23:Infinity":3,"b:24:4:32:Infinity:28:11:32:Infinity":1,"s:24:4:32:Infinity":4,"s:25:8:25:Infinity":5,"s:26:8:26:Infinity":6,"s:27:8:27:Infinity":7,"s:29:8:31:Infinity":8,"f:35:22:35:34":1,"b:35:45:35:53":2,"s:36:16:36:Infinity":9,"s:37:4:39:Infinity":10,"s:38:8:38:Infinity":11,"s:40:4:40:Infinity":12,"s:41:4:41:Infinity":13,"f:44:22:44:33":2,"b:44:44:44:52":3,"s:45:16:45:Infinity":14,"s:46:4:50:Infinity":15,"s:47:21:47:Infinity":16,"s:48:8:48:Infinity":17,"s:49:8:49:Infinity":18,"s:51:4:51:Infinity":19,"f:54:22:54:31":3,"b:54:42:54:50":4,"b:55:4:60:Infinity:undefined:undefined:undefined:undefined":5,"s:55:4:60:Infinity":20,"s:56:8:58:Infinity":21,"s:59:8:59:Infinity":22,"s:61:16:61:Infinity":23,"s:62:4:64:Infinity":24,"s:63:8:63:Infinity":25,"s:65:4:65:Infinity":26,"s:66:4:66:Infinity":27}}}
,"/home/auAn/develop/grindcord/apps/backend/src/db/knexfile.ts": {"path":"/home/auAn/develop/grindcord/apps/backend/src/db/knexfile.ts","statementMap":{"0":{"start":{"line":5,"column":22},"end":{"line":14,"column":null}},"1":{"start":{"line":16,"column":13},"end":{"line":16,"column":null}}},"fnMap":{},"branchMap":{},"s":{"0":2,"1":2},"f":{},"b":{},"meta":{"lastBranch":0,"lastFunction":0,"lastStatement":2,"seen":{"s:5:22:14:Infinity":0,"s:16:13:16:Infinity":1}}}
,"/home/auAn/develop/grindcord/apps/backend/src/tests/MockSeedSource.ts": {"path":"/home/auAn/develop/grindcord/apps/backend/src/tests/MockSeedSource.ts","statementMap":{"0":{"start":{"line":5,"column":6},"end":{"line":5,"column":null}},"1":{"start":{"line":9,"column":8},"end":{"line":9,"column":null}},"2":{"start":{"line":13,"column":8},"end":{"line":13,"column":null}},"3":{"start":{"line":14,"column":8},"end":{"line":27,"column":null}},"4":{"start":{"line":16,"column":16},"end":{"line":20,"column":null}},"5":{"start":{"line":18,"column":24},"end":{"line":18,"column":null}},"6":{"start":{"line":22,"column":16},"end":{"line":26,"column":null}},"7":{"start":{"line":24,"column":24},"end":{"line":24,"column":null}}},"fnMap":{"0":{"name":"(anonymous_0)","decl":{"start":{"line":8,"column":4},"end":{"line":8,"column":15}},"loc":{"start":{"line":8,"column":15},"end":{"line":10,"column":null}},"line":8},"1":{"name":"(anonymous_1)","decl":{"start":{"line":12,"column":4},"end":{"line":12,"column":12}},"loc":{"start":{"line":12,"column":18},"end":{"line":28,"column":null}},"line":12},"2":{"name":"(anonymous_2)","decl":{"start":{"line":17,"column":26},"end":{"line":17,"column":31}},"loc":{"start":{"line":17,"column":37},"end":{"line":19,"column":null}},"line":17},"3":{"name":"(anonymous_3)","decl":{"start":{"line":23,"column":26},"end":{"line":23,"column":31}},"loc":{"start":{"line":23,"column":37},"end":{"line":25,"column":null}},"line":23}},"branchMap":{"0":{"loc":{"start":{"line":14,"column":8},"end":{"line":27,"column":null}},"type":"switch","locations":[{"start":{"line":15,"column":12},"end":{"line":20,"column":null}},{"start":{"line":21,"column":12},"end":{"line":26,"column":null}}],"line":14}},"s":{"0":2,"1":6,"2":24,"3":24,"4":12,"5":6,"6":12,"7":6},"f":{"0":6,"1":24,"2":6,"3":6},"b":{"0":[12,12]},"meta":{"lastBranch":1,"lastFunction":4,"lastStatement":8,"seen":{"s:5:6:5:Infinity":0,"f:8:4:8:15":0,"s:9:8:9:Infinity":1,"f:12:4:12:12":1,"s:13:8:13:Infinity":2,"b:15:12:20:Infinity:21:12:26:Infinity":0,"s:14:8:27:Infinity":3,"s:16:16:20:Infinity":4,"f:17:26:17:31":2,"s:18:24:18:Infinity":5,"s:22:16:26:Infinity":6,"f:23:26:23:31":3,"s:24:24:24:Infinity":7}}}
,"/home/auAn/develop/grindcord/apps/backend/src/tests/mock.ts": {"path":"/home/auAn/develop/grindcord/apps/backend/src/tests/mock.ts","statementMap":{"0":{"start":{"line":5,"column":25},"end":{"line":8,"column":null}},"1":{"start":{"line":6,"column":4},"end":{"line":8,"column":null}},"2":{"start":{"line":10,"column":23},"end":{"line":12,"column":null}},"3":{"start":{"line":11,"column":4},"end":{"line":11,"column":null}},"4":{"start":{"line":14,"column":82},"end":{"line":18,"column":null}},"5":{"start":{"line":15,"column":4},"end":{"line":18,"column":null}},"6":{"start":{"line":17,"column":14},"end":{"line":17,"column":null}}},"fnMap":{"0":{"name":"(anonymous_0)","decl":{"start":{"line":5,"column":25},"end":{"line":5,"column":null}},"loc":{"start":{"line":6,"column":4},"end":{"line":8,"column":null}},"line":6},"1":{"name":"(anonymous_1)","decl":{"start":{"line":10,"column":23},"end":{"line":10,"column":24}},"loc":{"start":{"line":10,"column":32},"end":{"line":12,"column":null}},"line":10},"2":{"name":"(anonymous_2)","decl":{"start":{"line":14,"column":82},"end":{"line":14,"column":null}},"loc":{"start":{"line":15,"column":4},"end":{"line":18,"column":null}},"line":15},"3":{"name":"(anonymous_3)","decl":{"start":{"line":17,"column":8},"end":{"line":17,"column":14}},"loc":{"start":{"line":17,"column":14},"end":{"line":17,"column":null}},"line":17}},"branchMap":{},"s":{"0":2,"1":66,"2":2,"3":1200,"4":2,"5":0,"6":0},"f":{"0":66,"1":1200,"2":0,"3":0},"b":{},"meta":{"lastBranch":0,"lastFunction":4,"lastStatement":7,"seen":{"s:5:25:8:Infinity":0,"f:5:25:5:Infinity":0,"s:6:4:8:Infinity":1,"s:10:23:12:Infinity":2,"f:10:23:10:24":1,"s:11:4:11:Infinity":3,"s:14:82:18:Infinity":4,"f:14:82:14:Infinity":2,"s:15:4:18:Infinity":5,"f:17:8:17:14":3,"s:17:14:17:Infinity":6}}}
,"/home/auAn/develop/grindcord/apps/backend/src/tests/test_knexfile.ts": {"path":"/home/auAn/develop/grindcord/apps/backend/src/tests/test_knexfile.ts","statementMap":{"0":{"start":{"line":4,"column":40},"end":{"line":13,"column":null}},"1":{"start":{"line":15,"column":13},"end":{"line":15,"column":null}}},"fnMap":{},"branchMap":{},"s":{"0":2,"1":2},"f":{},"b":{},"meta":{"lastBranch":0,"lastFunction":0,"lastStatement":2,"seen":{"s:4:40:13:Infinity":0,"s:15:13:15:Infinity":1}}}
,"/home/auAn/develop/grindcord/apps/backend/src/v1/match/models.ts": {"path":"/home/auAn/develop/grindcord/apps/backend/src/v1/match/models.ts","statementMap":{"0":{"start":{"line":3,"column":27},"end":{"line":7,"column":null}},"1":{"start":{"line":9,"column":26},"end":{"line":17,"column":null}},"2":{"start":{"line":12,"column":8},"end":{"line":12,"column":null}},"3":{"start":{"line":13,"column":8},"end":{"line":13,"column":null}},"4":{"start":{"line":15,"column":8},"end":{"line":15,"column":null}},"5":{"start":{"line":19,"column":33},"end":{"line":23,"column":null}},"6":{"start":{"line":25,"column":32},"end":{"line":41,"column":null}},"7":{"start":{"line":28,"column":8},"end":{"line":28,"column":null}},"8":{"start":{"line":30,"column":8},"end":{"line":30,"column":null}},"9":{"start":{"line":31,"column":8},"end":{"line":31,"column":null}},"10":{"start":{"line":32,"column":8},"end":{"line":32,"column":null}},"11":{"start":{"line":34,"column":8},"end":{"line":39,"column":null}},"12":{"start":{"line":43,"column":36},"end":{"line":47,"column":null}},"13":{"start":{"line":49,"column":35},"end":{"line":73,"column":null}},"14":{"start":{"line":52,"column":8},"end":{"line":52,"column":null}},"15":{"start":{"line":53,"column":8},"end":{"line":56,"column":null}},"16":{"start":{"line":58,"column":8},"end":{"line":58,"column":null}},"17":{"start":{"line":59,"column":8},"end":{"line":59,"column":null}},"18":{"start":{"line":60,"column":8},"end":{"line":60,"column":null}},"19":{"start":{"line":62,"column":8},"end":{"line":67,"column":null}},"20":{"start":{"line":68,"column":8},"end":{"line":71,"column":null}},"21":{"start":{"line":76,"column":29},"end":{"line":82,"column":null}},"22":{"start":{"line":79,"column":8},"end":{"line":79,"column":null}},"23":{"start":{"line":80,"column":8},"end":{"line":80,"column":null}}},"fnMap":{"0":{"name":"(anonymous_0)","decl":{"start":{"line":11,"column":4},"end":{"line":11,"column":15}},"loc":{"start":{"line":11,"column":22},"end":{"line":16,"column":null}},"line":11},"1":{"name":"(anonymous_1)","decl":{"start":{"line":27,"column":4},"end":{"line":27,"column":15}},"loc":{"start":{"line":27,"column":22},"end":{"line":40,"column":null}},"line":27},"2":{"name":"(anonymous_2)","decl":{"start":{"line":51,"column":4},"end":{"line":51,"column":15}},"loc":{"start":{"line":51,"column":22},"end":{"line":72,"column":null}},"line":51},"3":{"name":"(anonymous_3)","decl":{"start":{"line":78,"column":4},"end":{"line":78,"column":15}},"loc":{"start":{"line":78,"column":22},"end":{"line":81,"column":null}},"line":78}},"branchMap":{},"s":{"0":2,"1":2,"2":6,"3":6,"4":6,"5":2,"6":2,"7":6,"8":6,"9":6,"10":6,"11":6,"12":2,"13":2,"14":6,"15":6,"16":6,"17":6,"18":6,"19":6,"20":6,"21":2,"22":6,"23":6},"f":{"0":6,"1":6,"2":6,"3":6},"b":{},"meta":{"lastBranch":0,"lastFunction":4,"lastStatement":24,"seen":{"s:3:27:7:Infinity":0,"s:9:26:17:Infinity":1,"f:11:4:11:15":0,"s:12:8:12:Infinity":2,"s:13:8:13:Infinity":3,"s:15:8:15:Infinity":4,"s:19:33:23:Infinity":5,"s:25:32:41:Infinity":6,"f:27:4:27:15":1,"s:28:8:28:Infinity":7,"s:30:8:30:Infinity":8,"s:31:8:31:Infinity":9,"s:32:8:32:Infinity":10,"s:34:8:39:Infinity":11,"s:43:36:47:Infinity":12,"s:49:35:73:Infinity":13,"f:51:4:51:15":2,"s:52:8:52:Infinity":14,"s:53:8:56:Infinity":15,"s:58:8:58:Infinity":16,"s:59:8:59:Infinity":17,"s:60:8:60:Infinity":18,"s:62:8:67:Infinity":19,"s:68:8:71:Infinity":20,"s:76:29:82:Infinity":21,"f:78:4:78:15":3,"s:79:8:79:Infinity":22,"s:80:8:80:Infinity":23}}}
,"/home/auAn/develop/grindcord/apps/backend/src/v1/match/schemas.ts": {"path":"/home/auAn/develop/grindcord/apps/backend/src/v1/match/schemas.ts","statementMap":{"0":{"start":{"line":4,"column":21},"end":{"line":8,"column":null}},"1":{"start":{"line":9,"column":27},"end":{"line":13,"column":null}},"2":{"start":{"line":15,"column":27},"end":{"line":18,"column":null}}},"fnMap":{},"branchMap":{},"s":{"0":2,"1":2,"2":2},"f":{},"b":{},"meta":{"lastBranch":0,"lastFunction":0,"lastStatement":3,"seen":{"s:4:21:8:Infinity":0,"s:9:27:13:Infinity":1,"s:15:27:18:Infinity":2}}}
,"/home/auAn/develop/grindcord/apps/backend/src/v1/match/service.ts": {"path":"/home/auAn/develop/grindcord/apps/backend/src/v1/match/service.ts","statementMap":{"0":{"start":{"line":13,"column":16},"end":{"line":13,"column":null}},"1":{"start":{"line":15,"column":4},"end":{"line":15,"column":null}},"2":{"start":{"line":25,"column":21},"end":{"line":25,"column":null}},"3":{"start":{"line":26,"column":4},"end":{"line":26,"column":null}},"4":{"start":{"line":35,"column":35},"end":{"line":35,"column":null}},"5":{"start":{"line":36,"column":4},"end":{"line":36,"column":null}},"6":{"start":{"line":37,"column":4},"end":{"line":37,"column":null}},"7":{"start":{"line":45,"column":4},"end":{"line":45,"column":null}},"8":{"start":{"line":46,"column":4},"end":{"line":46,"column":null}}},"fnMap":{"0":{"name":"reportMatchResult","decl":{"start":{"line":9,"column":22},"end":{"line":9,"column":null}},"loc":{"start":{"line":12,"column":24},"end":{"line":16,"column":null}},"line":12},"1":{"name":"createMatch","decl":{"start":{"line":21,"column":22},"end":{"line":21,"column":null}},"loc":{"start":{"line":24,"column":19},"end":{"line":27,"column":null}},"line":24},"2":{"name":"createMatchPlayer","decl":{"start":{"line":30,"column":22},"end":{"line":30,"column":null}},"loc":{"start":{"line":34,"column":17},"end":{"line":38,"column":null}},"line":34},"3":{"name":"createMatchCharacter","decl":{"start":{"line":41,"column":22},"end":{"line":41,"column":null}},"loc":{"start":{"line":44,"column":19},"end":{"line":47,"column":null}},"line":44},"4":{"name":"getMatches","decl":{"start":{"line":50,"column":22},"end":{"line":50,"column":33}},"loc":{"start":{"line":50,"column":79},"end":{"line":50,"column":null}},"line":50},"5":{"name":"getMatchesNLast","decl":{"start":{"line":51,"column":22},"end":{"line":51,"column":null}},"loc":{"start":{"line":54,"column":31},"end":{"line":54,"column":null}},"line":54},"6":{"name":"getMatchesDateRange","decl":{"start":{"line":55,"column":22},"end":{"line":55,"column":null}},"loc":{"start":{"line":59,"column":31},"end":{"line":59,"column":null}},"line":59}},"branchMap":{"0":{"loc":{"start":{"line":11,"column":4},"end":{"line":11,"column":null}},"type":"default-arg","locations":[{"start":{"line":11,"column":15},"end":{"line":11,"column":null}}],"line":11},"1":{"loc":{"start":{"line":23,"column":4},"end":{"line":23,"column":null}},"type":"default-arg","locations":[{"start":{"line":23,"column":15},"end":{"line":23,"column":null}}],"line":23},"2":{"loc":{"start":{"line":33,"column":4},"end":{"line":33,"column":null}},"type":"default-arg","locations":[{"start":{"line":33,"column":15},"end":{"line":33,"column":null}}],"line":33},"3":{"loc":{"start":{"line":43,"column":4},"end":{"line":43,"column":null}},"type":"default-arg","locations":[{"start":{"line":43,"column":15},"end":{"line":43,"column":null}}],"line":43}},"s":{"0":0,"1":0,"2":6,"3":6,"4":6,"5":6,"6":4,"7":0,"8":0},"f":{"0":0,"1":6,"2":6,"3":0,"4":0,"5":0,"6":0},"b":{"0":[0],"1":[6],"2":[6],"3":[0]},"meta":{"lastBranch":4,"lastFunction":7,"lastStatement":9,"seen":{"f:9:22:9:Infinity":0,"b:11:15:11:Infinity":0,"s:13:16:13:Infinity":0,"s:15:4:15:Infinity":1,"f:21:22:21:Infinity":1,"b:23:15:23:Infinity":1,"s:25:21:25:Infinity":2,"s:26:4:26:Infinity":3,"f:30:22:30:Infinity":2,"b:33:15:33:Infinity":2,"s:35:35:35:Infinity":4,"s:36:4:36:Infinity":5,"s:37:4:37:Infinity":6,"f:41:22:41:Infinity":3,"b:43:15:43:Infinity":3,"s:45:4:45:Infinity":7,"s:46:4:46:Infinity":8,"f:50:22:50:33":4,"f:51:22:51:Infinity":5,"f:55:22:55:Infinity":6}}}
,"/home/auAn/develop/grindcord/apps/backend/src/v1/match/views.ts": {"path":"/home/auAn/develop/grindcord/apps/backend/src/v1/match/views.ts","statementMap":{"0":{"start":{"line":3,"column":31},"end":{"line":19,"column":null}},"1":{"start":{"line":3,"column":46},"end":{"line":19,"column":null}},"2":{"start":{"line":6,"column":8},"end":{"line":6,"column":null}},"3":{"start":{"line":7,"column":8},"end":{"line":17,"column":null}}},"fnMap":{"0":{"name":"(anonymous_0)","decl":{"start":{"line":3,"column":31},"end":{"line":3,"column":32}},"loc":{"start":{"line":3,"column":46},"end":{"line":19,"column":null}},"line":3},"1":{"name":"(anonymous_1)","decl":{"start":{"line":5,"column":4},"end":{"line":5,"column":15}},"loc":{"start":{"line":5,"column":21},"end":{"line":18,"column":null}},"line":5}},"branchMap":{},"s":{"0":2,"1":6,"2":6,"3":6},"f":{"0":6,"1":6},"b":{},"meta":{"lastBranch":0,"lastFunction":2,"lastStatement":4,"seen":{"s:3:31:19:Infinity":0,"f:3:31:3:32":0,"s:3:46:19:Infinity":1,"f:5:4:5:15":1,"s:6:8:6:Infinity":2,"s:7:8:17:Infinity":3}}}
,"/home/auAn/develop/grindcord/apps/backend/src/v1/match/tests/mock.models.ts": {"path":"/home/auAn/develop/grindcord/apps/backend/src/v1/match/tests/mock.models.ts","statementMap":{"0":{"start":{"line":4,"column":54},"end":{"line":11,"column":null}},"1":{"start":{"line":7,"column":4},"end":{"line":10,"column":null}},"2":{"start":{"line":13,"column":57},"end":{"line":22,"column":null}},"3":{"start":{"line":16,"column":4},"end":{"line":21,"column":null}},"4":{"start":{"line":24,"column":63},"end":{"line":32,"column":null}},"5":{"start":{"line":27,"column":4},"end":{"line":31,"column":null}},"6":{"start":{"line":36,"column":10},"end":{"line":36,"column":null}},"7":{"start":{"line":37,"column":25},"end":{"line":37,"column":null}},"8":{"start":{"line":40,"column":27},"end":{"line":40,"column":null}},"9":{"start":{"line":41,"column":4},"end":{"line":45,"column":null}},"10":{"start":{"line":41,"column":17},"end":{"line":41,"column":20}},"11":{"start":{"line":42,"column":8},"end":{"line":44,"column":null}},"12":{"start":{"line":42,"column":21},"end":{"line":42,"column":28}},"13":{"start":{"line":43,"column":12},"end":{"line":43,"column":null}},"14":{"start":{"line":48,"column":4},"end":{"line":70,"column":null}},"15":{"start":{"line":48,"column":17},"end":{"line":48,"column":20}},"16":{"start":{"line":49,"column":21},"end":{"line":49,"column":null}},"17":{"start":{"line":51,"column":26},"end":{"line":51,"column":null}},"18":{"start":{"line":52,"column":14},"end":{"line":52,"column":null}},"19":{"start":{"line":52,"column":46},"end":{"line":52,"column":63}},"20":{"start":{"line":54,"column":14},"end":{"line":54,"column":null}},"21":{"start":{"line":57,"column":14},"end":{"line":57,"column":null}},"22":{"start":{"line":58,"column":27},"end":{"line":58,"column":null}},"23":{"start":{"line":59,"column":29},"end":{"line":59,"column":null}},"24":{"start":{"line":60,"column":8},"end":{"line":64,"column":null}},"25":{"start":{"line":65,"column":8},"end":{"line":69,"column":null}}},"fnMap":{"0":{"name":"(anonymous_0)","decl":{"start":{"line":4,"column":54},"end":{"line":4,"column":null}},"loc":{"start":{"line":6,"column":5},"end":{"line":11,"column":null}},"line":6},"1":{"name":"(anonymous_1)","decl":{"start":{"line":13,"column":57},"end":{"line":13,"column":null}},"loc":{"start":{"line":15,"column":5},"end":{"line":22,"column":null}},"line":15},"2":{"name":"(anonymous_2)","decl":{"start":{"line":24,"column":63},"end":{"line":24,"column":null}},"loc":{"start":{"line":26,"column":5},"end":{"line":32,"column":null}},"line":26},"3":{"name":"seed","decl":{"start":{"line":34,"column":22},"end":{"line":34,"column":27}},"loc":{"start":{"line":34,"column":33},"end":{"line":71,"column":null}},"line":34},"4":{"name":"(anonymous_4)","decl":{"start":{"line":52,"column":39},"end":{"line":52,"column":40}},"loc":{"start":{"line":52,"column":46},"end":{"line":52,"column":63}},"line":52}},"branchMap":{},"s":{"0":2,"1":0,"2":2,"3":0,"4":2,"5":0,"6":6,"7":6,"8":6,"9":6,"10":6,"11":60,"12":60,"13":270,"14":6,"15":6,"16":240,"17":240,"18":240,"19":240,"20":240,"21":240,"22":240,"23":240,"24":240,"25":240},"f":{"0":0,"1":0,"2":0,"3":6,"4":240},"b":{},"meta":{"lastBranch":0,"lastFunction":5,"lastStatement":26,"seen":{"s:4:54:11:Infinity":0,"f:4:54:4:Infinity":0,"s:7:4:10:Infinity":1,"s:13:57:22:Infinity":2,"f:13:57:13:Infinity":1,"s:16:4:21:Infinity":3,"s:24:63:32:Infinity":4,"f:24:63:24:Infinity":2,"s:27:4:31:Infinity":5,"f:34:22:34:27":3,"s:36:10:36:Infinity":6,"s:37:25:37:Infinity":7,"s:40:27:40:Infinity":8,"s:41:4:45:Infinity":9,"s:41:17:41:20":10,"s:42:8:44:Infinity":11,"s:42:21:42:28":12,"s:43:12:43:Infinity":13,"s:48:4:70:Infinity":14,"s:48:17:48:20":15,"s:49:21:49:Infinity":16,"s:51:26:51:Infinity":17,"s:52:14:52:Infinity":18,"f:52:39:52:40":4,"s:52:46:52:63":19,"s:54:14:54:Infinity":20,"s:57:14:57:Infinity":21,"s:58:27:58:Infinity":22,"s:59:29:59:Infinity":23,"s:60:8:64:Infinity":24,"s:65:8:69:Infinity":25}}}
}
